2022-09-19 04:59:36.012  INFO 16887 --- [restartedMain] c.e.b.BookStoreOrdersApplication         : Starting BookStoreOrdersApplication using Java 17.0.4 on hp-HP-ProBook-440-G5 with PID 16887 (/home/hp/IdeaProjects/BookStore_Orders/target/classes started by hp in /home/hp/IdeaProjects/BookStore_Orders)
2022-09-19 04:59:36.015  INFO 16887 --- [restartedMain] c.e.b.BookStoreOrdersApplication         : The following 1 profile is active: "dev"
2022-09-19 04:59:36.083  INFO 16887 --- [restartedMain] .e.DevToolsPropertyDefaultsPostProcessor : Devtools property defaults active! Set 'spring.devtools.add-properties' to 'false' to disable
2022-09-19 04:59:36.083  INFO 16887 --- [restartedMain] .e.DevToolsPropertyDefaultsPostProcessor : For additional web related logging consider setting the 'logging.level.web' property to 'DEBUG'
2022-09-19 04:59:36.895  INFO 16887 --- [restartedMain] .s.d.r.c.RepositoryConfigurationDelegate : Bootstrapping Spring Data JPA repositories in DEFAULT mode.
2022-09-19 04:59:36.909  INFO 16887 --- [restartedMain] .s.d.r.c.RepositoryConfigurationDelegate : Finished Spring Data repository scanning in 5 ms. Found 0 JPA repository interfaces.
2022-09-19 04:59:37.528  INFO 16887 --- [restartedMain] o.s.b.w.embedded.tomcat.TomcatWebServer  : Tomcat initialized with port(s): 9090 (http)
2022-09-19 04:59:37.538  INFO 16887 --- [restartedMain] o.apache.catalina.core.StandardService   : Starting service [Tomcat]
2022-09-19 04:59:37.538  INFO 16887 --- [restartedMain] org.apache.catalina.core.StandardEngine  : Starting Servlet engine: [Apache Tomcat/9.0.65]
2022-09-19 04:59:37.590  INFO 16887 --- [restartedMain] o.a.c.c.C.[Tomcat].[localhost].[/]       : Initializing Spring embedded WebApplicationContext
2022-09-19 04:59:37.590  INFO 16887 --- [restartedMain] w.s.c.ServletWebServerApplicationContext : Root WebApplicationContext: initialization completed in 1506 ms
2022-09-19 04:59:37.726  INFO 16887 --- [restartedMain] o.hibernate.jpa.internal.util.LogHelper  : HHH000204: Processing PersistenceUnitInfo [name: default]
2022-09-19 04:59:37.785  INFO 16887 --- [restartedMain] org.hibernate.Version                    : HHH000412: Hibernate ORM core version 5.6.10.Final
2022-09-19 04:59:37.935  INFO 16887 --- [restartedMain] o.hibernate.annotations.common.Version   : HCANN000001: Hibernate Commons Annotations {5.1.2.Final}
2022-09-19 04:59:38.032  INFO 16887 --- [restartedMain] com.zaxxer.hikari.HikariDataSource       : HikariPool-1 - Starting...
2022-09-19 04:59:38.355  INFO 16887 --- [restartedMain] com.zaxxer.hikari.HikariDataSource       : HikariPool-1 - Start completed.
2022-09-19 04:59:38.380  INFO 16887 --- [restartedMain] org.hibernate.dialect.Dialect            : HHH000400: Using dialect: org.hibernate.dialect.MySQL8Dialect
2022-09-19 04:59:38.604  INFO 16887 --- [restartedMain] o.h.e.t.j.p.i.JtaPlatformInitiator       : HHH000490: Using JtaPlatform implementation: [org.hibernate.engine.transaction.jta.platform.internal.NoJtaPlatform]
2022-09-19 04:59:38.615  INFO 16887 --- [restartedMain] j.LocalContainerEntityManagerFactoryBean : Initialized JPA EntityManagerFactory for persistence unit 'default'
2022-09-19 04:59:38.699  WARN 16887 --- [restartedMain] JpaBaseConfiguration$JpaWebConfiguration : spring.jpa.open-in-view is enabled by default. Therefore, database queries may be performed during view rendering. Explicitly configure spring.jpa.open-in-view to disable this warning
2022-09-19 04:59:39.006  WARN 16887 --- [restartedMain] ion$DefaultTemplateResolverConfiguration : Cannot find template location: classpath:/templates/ (please add some templates or check your Thymeleaf configuration)
2022-09-19 04:59:39.112  INFO 16887 --- [restartedMain] o.s.b.d.a.OptionalLiveReloadServer       : LiveReload server is running on port 35729
2022-09-19 04:59:39.140  INFO 16887 --- [restartedMain] o.s.b.w.embedded.tomcat.TomcatWebServer  : Tomcat started on port(s): 9090 (http) with context path ''
2022-09-19 04:59:39.152  INFO 16887 --- [restartedMain] c.e.b.BookStoreOrdersApplication         : Started BookStoreOrdersApplication in 3.888 seconds (JVM running for 4.977)
2022-09-19 04:59:39.157  INFO 16887 --- [restartedMain] c.e.b.BookStoreOrdersApplication         : 
Hello! Welcome to Book Store Project!
2022-09-19 05:31:28.399  INFO 16887 --- [SpringApplicationShutdownHook] j.LocalContainerEntityManagerFactoryBean : Closing JPA EntityManagerFactory for persistence unit 'default'
2022-09-19 05:31:28.403  INFO 16887 --- [SpringApplicationShutdownHook] com.zaxxer.hikari.HikariDataSource       : HikariPool-1 - Shutdown initiated...
2022-09-19 05:31:28.413  INFO 16887 --- [SpringApplicationShutdownHook] com.zaxxer.hikari.HikariDataSource       : HikariPool-1 - Shutdown completed.
2022-09-19 17:11:06.251  INFO 4215 --- [restartedMain] c.e.b.BookStoreOrdersApplication         : Starting BookStoreOrdersApplication using Java 17.0.4 on hp-HP-ProBook-440-G5 with PID 4215 (/home/hp/IdeaProjects/BookStore_Orders/target/classes started by hp in /home/hp/IdeaProjects/BookStore_Orders)
2022-09-19 17:11:06.254  INFO 4215 --- [restartedMain] c.e.b.BookStoreOrdersApplication         : The following 1 profile is active: "dev"
2022-09-19 17:11:06.329  INFO 4215 --- [restartedMain] .e.DevToolsPropertyDefaultsPostProcessor : Devtools property defaults active! Set 'spring.devtools.add-properties' to 'false' to disable
2022-09-19 17:11:06.330  INFO 4215 --- [restartedMain] .e.DevToolsPropertyDefaultsPostProcessor : For additional web related logging consider setting the 'logging.level.web' property to 'DEBUG'
2022-09-19 17:11:07.260  INFO 4215 --- [restartedMain] .s.d.r.c.RepositoryConfigurationDelegate : Bootstrapping Spring Data JPA repositories in DEFAULT mode.
2022-09-19 17:11:07.316  INFO 4215 --- [restartedMain] .s.d.r.c.RepositoryConfigurationDelegate : Finished Spring Data repository scanning in 45 ms. Found 1 JPA repository interfaces.
2022-09-19 17:11:08.108  INFO 4215 --- [restartedMain] o.s.b.w.embedded.tomcat.TomcatWebServer  : Tomcat initialized with port(s): 9090 (http)
2022-09-19 17:11:08.120  INFO 4215 --- [restartedMain] o.apache.catalina.core.StandardService   : Starting service [Tomcat]
2022-09-19 17:11:08.121  INFO 4215 --- [restartedMain] org.apache.catalina.core.StandardEngine  : Starting Servlet engine: [Apache Tomcat/9.0.65]
2022-09-19 17:11:08.186  INFO 4215 --- [restartedMain] o.a.c.c.C.[Tomcat].[localhost].[/]       : Initializing Spring embedded WebApplicationContext
2022-09-19 17:11:08.186  INFO 4215 --- [restartedMain] w.s.c.ServletWebServerApplicationContext : Root WebApplicationContext: initialization completed in 1855 ms
2022-09-19 17:11:08.363  INFO 4215 --- [restartedMain] o.hibernate.jpa.internal.util.LogHelper  : HHH000204: Processing PersistenceUnitInfo [name: default]
2022-09-19 17:11:08.421  INFO 4215 --- [restartedMain] org.hibernate.Version                    : HHH000412: Hibernate ORM core version 5.6.10.Final
2022-09-19 17:11:08.620  INFO 4215 --- [restartedMain] o.hibernate.annotations.common.Version   : HCANN000001: Hibernate Commons Annotations {5.1.2.Final}
2022-09-19 17:11:08.745  INFO 4215 --- [restartedMain] com.zaxxer.hikari.HikariDataSource       : HikariPool-1 - Starting...
2022-09-19 17:11:09.129  INFO 4215 --- [restartedMain] com.zaxxer.hikari.HikariDataSource       : HikariPool-1 - Start completed.
2022-09-19 17:11:09.153  INFO 4215 --- [restartedMain] org.hibernate.dialect.Dialect            : HHH000400: Using dialect: org.hibernate.dialect.MySQL8Dialect
2022-09-19 17:11:09.831  INFO 4215 --- [restartedMain] o.h.e.t.j.p.i.JtaPlatformInitiator       : HHH000490: Using JtaPlatform implementation: [org.hibernate.engine.transaction.jta.platform.internal.NoJtaPlatform]
2022-09-19 17:11:09.838  INFO 4215 --- [restartedMain] j.LocalContainerEntityManagerFactoryBean : Initialized JPA EntityManagerFactory for persistence unit 'default'
2022-09-19 17:11:10.225  WARN 4215 --- [restartedMain] JpaBaseConfiguration$JpaWebConfiguration : spring.jpa.open-in-view is enabled by default. Therefore, database queries may be performed during view rendering. Explicitly configure spring.jpa.open-in-view to disable this warning
2022-09-19 17:11:10.578  WARN 4215 --- [restartedMain] ion$DefaultTemplateResolverConfiguration : Cannot find template location: classpath:/templates/ (please add some templates or check your Thymeleaf configuration)
2022-09-19 17:11:10.680  INFO 4215 --- [restartedMain] o.s.b.d.a.OptionalLiveReloadServer       : LiveReload server is running on port 35729
2022-09-19 17:11:10.714  INFO 4215 --- [restartedMain] o.s.b.w.embedded.tomcat.TomcatWebServer  : Tomcat started on port(s): 9090 (http) with context path ''
2022-09-19 17:11:10.728  INFO 4215 --- [restartedMain] c.e.b.BookStoreOrdersApplication         : Started BookStoreOrdersApplication in 5.066 seconds (JVM running for 5.743)
2022-09-19 17:11:10.734  INFO 4215 --- [restartedMain] c.e.b.BookStoreOrdersApplication         : 
Hello! Welcome to Book Store Project!
2022-09-19 17:13:37.703  INFO 4215 --- [http-nio-9090-exec-1] o.a.c.c.C.[Tomcat].[localhost].[/]       : Initializing Spring DispatcherServlet 'dispatcherServlet'
2022-09-19 17:13:37.704  INFO 4215 --- [http-nio-9090-exec-1] o.s.web.servlet.DispatcherServlet        : Initializing Servlet 'dispatcherServlet'
2022-09-19 17:13:37.705  INFO 4215 --- [http-nio-9090-exec-1] o.s.web.servlet.DispatcherServlet        : Completed initialization in 1 ms
2022-09-19 17:13:37.900  WARN 4215 --- [http-nio-9090-exec-1] .w.s.m.s.DefaultHandlerExceptionResolver : Resolved [org.springframework.web.HttpMediaTypeNotAcceptableException: Could not find acceptable representation]
2022-09-19 17:13:57.250  WARN 4215 --- [http-nio-9090-exec-3] .w.s.m.s.DefaultHandlerExceptionResolver : Resolved [org.springframework.web.HttpMediaTypeNotAcceptableException: Could not find acceptable representation]
2022-09-19 17:14:41.424  WARN 4215 --- [http-nio-9090-exec-4] .w.s.m.s.DefaultHandlerExceptionResolver : Resolved [org.springframework.web.HttpMediaTypeNotAcceptableException: Could not find acceptable representation]
2022-09-19 17:14:54.851  WARN 4215 --- [http-nio-9090-exec-5] .w.s.m.s.DefaultHandlerExceptionResolver : Resolved [org.springframework.web.HttpMediaTypeNotAcceptableException: Could not find acceptable representation]
2022-09-19 17:16:04.021  INFO 4215 --- [SpringApplicationShutdownHook] j.LocalContainerEntityManagerFactoryBean : Closing JPA EntityManagerFactory for persistence unit 'default'
2022-09-19 17:16:04.026  INFO 4215 --- [SpringApplicationShutdownHook] com.zaxxer.hikari.HikariDataSource       : HikariPool-1 - Shutdown initiated...
2022-09-19 17:16:04.037  INFO 4215 --- [SpringApplicationShutdownHook] com.zaxxer.hikari.HikariDataSource       : HikariPool-1 - Shutdown completed.
2022-09-19 17:16:08.376  INFO 4911 --- [restartedMain] c.e.b.BookStoreOrdersApplication         : Starting BookStoreOrdersApplication using Java 17.0.4 on hp-HP-ProBook-440-G5 with PID 4911 (/home/hp/IdeaProjects/BookStore_Orders/target/classes started by hp in /home/hp/IdeaProjects/BookStore_Orders)
2022-09-19 17:16:08.378  INFO 4911 --- [restartedMain] c.e.b.BookStoreOrdersApplication         : The following 1 profile is active: "dev"
2022-09-19 17:16:08.453  INFO 4911 --- [restartedMain] .e.DevToolsPropertyDefaultsPostProcessor : Devtools property defaults active! Set 'spring.devtools.add-properties' to 'false' to disable
2022-09-19 17:16:08.454  INFO 4911 --- [restartedMain] .e.DevToolsPropertyDefaultsPostProcessor : For additional web related logging consider setting the 'logging.level.web' property to 'DEBUG'
2022-09-19 17:16:09.249  INFO 4911 --- [restartedMain] .s.d.r.c.RepositoryConfigurationDelegate : Bootstrapping Spring Data JPA repositories in DEFAULT mode.
2022-09-19 17:16:09.299  INFO 4911 --- [restartedMain] .s.d.r.c.RepositoryConfigurationDelegate : Finished Spring Data repository scanning in 40 ms. Found 1 JPA repository interfaces.
2022-09-19 17:16:10.024  INFO 4911 --- [restartedMain] o.s.b.w.embedded.tomcat.TomcatWebServer  : Tomcat initialized with port(s): 9090 (http)
2022-09-19 17:16:10.035  INFO 4911 --- [restartedMain] o.apache.catalina.core.StandardService   : Starting service [Tomcat]
2022-09-19 17:16:10.036  INFO 4911 --- [restartedMain] org.apache.catalina.core.StandardEngine  : Starting Servlet engine: [Apache Tomcat/9.0.65]
2022-09-19 17:16:10.095  INFO 4911 --- [restartedMain] o.a.c.c.C.[Tomcat].[localhost].[/]       : Initializing Spring embedded WebApplicationContext
2022-09-19 17:16:10.096  INFO 4911 --- [restartedMain] w.s.c.ServletWebServerApplicationContext : Root WebApplicationContext: initialization completed in 1641 ms
2022-09-19 17:16:10.273  INFO 4911 --- [restartedMain] o.hibernate.jpa.internal.util.LogHelper  : HHH000204: Processing PersistenceUnitInfo [name: default]
2022-09-19 17:16:10.334  INFO 4911 --- [restartedMain] org.hibernate.Version                    : HHH000412: Hibernate ORM core version 5.6.10.Final
2022-09-19 17:16:10.533  INFO 4911 --- [restartedMain] o.hibernate.annotations.common.Version   : HCANN000001: Hibernate Commons Annotations {5.1.2.Final}
2022-09-19 17:16:10.621  INFO 4911 --- [restartedMain] com.zaxxer.hikari.HikariDataSource       : HikariPool-1 - Starting...
2022-09-19 17:16:10.903  INFO 4911 --- [restartedMain] com.zaxxer.hikari.HikariDataSource       : HikariPool-1 - Start completed.
2022-09-19 17:16:10.926  INFO 4911 --- [restartedMain] org.hibernate.dialect.Dialect            : HHH000400: Using dialect: org.hibernate.dialect.MySQL8Dialect
2022-09-19 17:16:11.517  INFO 4911 --- [restartedMain] o.h.e.t.j.p.i.JtaPlatformInitiator       : HHH000490: Using JtaPlatform implementation: [org.hibernate.engine.transaction.jta.platform.internal.NoJtaPlatform]
2022-09-19 17:16:11.527  INFO 4911 --- [restartedMain] j.LocalContainerEntityManagerFactoryBean : Initialized JPA EntityManagerFactory for persistence unit 'default'
2022-09-19 17:16:11.909  WARN 4911 --- [restartedMain] JpaBaseConfiguration$JpaWebConfiguration : spring.jpa.open-in-view is enabled by default. Therefore, database queries may be performed during view rendering. Explicitly configure spring.jpa.open-in-view to disable this warning
2022-09-19 17:16:12.204  WARN 4911 --- [restartedMain] ion$DefaultTemplateResolverConfiguration : Cannot find template location: classpath:/templates/ (please add some templates or check your Thymeleaf configuration)
2022-09-19 17:16:12.296  INFO 4911 --- [restartedMain] o.s.b.d.a.OptionalLiveReloadServer       : LiveReload server is running on port 35729
2022-09-19 17:16:12.324  INFO 4911 --- [restartedMain] o.s.b.w.embedded.tomcat.TomcatWebServer  : Tomcat started on port(s): 9090 (http) with context path ''
2022-09-19 17:16:12.337  INFO 4911 --- [restartedMain] c.e.b.BookStoreOrdersApplication         : Started BookStoreOrdersApplication in 4.44 seconds (JVM running for 5.02)
2022-09-19 17:16:12.342  INFO 4911 --- [restartedMain] c.e.b.BookStoreOrdersApplication         : 
Hello! Welcome to Book Store Project!
2022-09-19 17:16:18.275  INFO 4911 --- [http-nio-9090-exec-2] o.a.c.c.C.[Tomcat].[localhost].[/]       : Initializing Spring DispatcherServlet 'dispatcherServlet'
2022-09-19 17:16:18.275  INFO 4911 --- [http-nio-9090-exec-2] o.s.web.servlet.DispatcherServlet        : Initializing Servlet 'dispatcherServlet'
2022-09-19 17:16:18.277  INFO 4911 --- [http-nio-9090-exec-2] o.s.web.servlet.DispatcherServlet        : Completed initialization in 1 ms
2022-09-19 17:16:18.457  WARN 4911 --- [http-nio-9090-exec-2] .w.s.m.s.DefaultHandlerExceptionResolver : Resolved [org.springframework.web.HttpMediaTypeNotAcceptableException: Could not find acceptable representation]
2022-09-19 17:16:32.905  WARN 4911 --- [http-nio-9090-exec-3] .w.s.m.s.DefaultHandlerExceptionResolver : Resolved [org.springframework.web.HttpMediaTypeNotAcceptableException: Could not find acceptable representation]
2022-09-19 17:16:41.413  WARN 4911 --- [http-nio-9090-exec-4] .w.s.m.s.DefaultHandlerExceptionResolver : Resolved [org.springframework.web.HttpMediaTypeNotAcceptableException: Could not find acceptable representation]
2022-09-19 17:17:04.844  INFO 4911 --- [SpringApplicationShutdownHook] j.LocalContainerEntityManagerFactoryBean : Closing JPA EntityManagerFactory for persistence unit 'default'
2022-09-19 17:17:04.847  INFO 4911 --- [SpringApplicationShutdownHook] com.zaxxer.hikari.HikariDataSource       : HikariPool-1 - Shutdown initiated...
2022-09-19 17:17:04.858  INFO 4911 --- [SpringApplicationShutdownHook] com.zaxxer.hikari.HikariDataSource       : HikariPool-1 - Shutdown completed.
2022-09-19 17:17:08.997  INFO 5053 --- [restartedMain] c.e.b.BookStoreOrdersApplication         : Starting BookStoreOrdersApplication using Java 17.0.4 on hp-HP-ProBook-440-G5 with PID 5053 (/home/hp/IdeaProjects/BookStore_Orders/target/classes started by hp in /home/hp/IdeaProjects/BookStore_Orders)
2022-09-19 17:17:08.999  INFO 5053 --- [restartedMain] c.e.b.BookStoreOrdersApplication         : The following 1 profile is active: "dev"
2022-09-19 17:17:09.074  INFO 5053 --- [restartedMain] .e.DevToolsPropertyDefaultsPostProcessor : Devtools property defaults active! Set 'spring.devtools.add-properties' to 'false' to disable
2022-09-19 17:17:09.075  INFO 5053 --- [restartedMain] .e.DevToolsPropertyDefaultsPostProcessor : For additional web related logging consider setting the 'logging.level.web' property to 'DEBUG'
2022-09-19 17:17:09.864  INFO 5053 --- [restartedMain] .s.d.r.c.RepositoryConfigurationDelegate : Bootstrapping Spring Data JPA repositories in DEFAULT mode.
2022-09-19 17:17:09.912  INFO 5053 --- [restartedMain] .s.d.r.c.RepositoryConfigurationDelegate : Finished Spring Data repository scanning in 40 ms. Found 1 JPA repository interfaces.
2022-09-19 17:17:10.623  INFO 5053 --- [restartedMain] o.s.b.w.embedded.tomcat.TomcatWebServer  : Tomcat initialized with port(s): 9090 (http)
2022-09-19 17:17:10.636  INFO 5053 --- [restartedMain] o.apache.catalina.core.StandardService   : Starting service [Tomcat]
2022-09-19 17:17:10.636  INFO 5053 --- [restartedMain] org.apache.catalina.core.StandardEngine  : Starting Servlet engine: [Apache Tomcat/9.0.65]
2022-09-19 17:17:10.701  INFO 5053 --- [restartedMain] o.a.c.c.C.[Tomcat].[localhost].[/]       : Initializing Spring embedded WebApplicationContext
2022-09-19 17:17:10.702  INFO 5053 --- [restartedMain] w.s.c.ServletWebServerApplicationContext : Root WebApplicationContext: initialization completed in 1626 ms
2022-09-19 17:17:10.889  INFO 5053 --- [restartedMain] o.hibernate.jpa.internal.util.LogHelper  : HHH000204: Processing PersistenceUnitInfo [name: default]
2022-09-19 17:17:10.951  INFO 5053 --- [restartedMain] org.hibernate.Version                    : HHH000412: Hibernate ORM core version 5.6.10.Final
2022-09-19 17:17:11.166  INFO 5053 --- [restartedMain] o.hibernate.annotations.common.Version   : HCANN000001: Hibernate Commons Annotations {5.1.2.Final}
2022-09-19 17:17:11.265  INFO 5053 --- [restartedMain] com.zaxxer.hikari.HikariDataSource       : HikariPool-1 - Starting...
2022-09-19 17:17:11.626  INFO 5053 --- [restartedMain] com.zaxxer.hikari.HikariDataSource       : HikariPool-1 - Start completed.
2022-09-19 17:17:11.646  INFO 5053 --- [restartedMain] org.hibernate.dialect.Dialect            : HHH000400: Using dialect: org.hibernate.dialect.MySQL8Dialect
2022-09-19 17:17:12.228  INFO 5053 --- [restartedMain] o.h.e.t.j.p.i.JtaPlatformInitiator       : HHH000490: Using JtaPlatform implementation: [org.hibernate.engine.transaction.jta.platform.internal.NoJtaPlatform]
2022-09-19 17:17:12.235  INFO 5053 --- [restartedMain] j.LocalContainerEntityManagerFactoryBean : Initialized JPA EntityManagerFactory for persistence unit 'default'
2022-09-19 17:17:12.618  WARN 5053 --- [restartedMain] JpaBaseConfiguration$JpaWebConfiguration : spring.jpa.open-in-view is enabled by default. Therefore, database queries may be performed during view rendering. Explicitly configure spring.jpa.open-in-view to disable this warning
2022-09-19 17:17:12.902  WARN 5053 --- [restartedMain] ion$DefaultTemplateResolverConfiguration : Cannot find template location: classpath:/templates/ (please add some templates or check your Thymeleaf configuration)
2022-09-19 17:17:12.993  INFO 5053 --- [restartedMain] o.s.b.d.a.OptionalLiveReloadServer       : LiveReload server is running on port 35729
2022-09-19 17:17:13.021  INFO 5053 --- [restartedMain] o.s.b.w.embedded.tomcat.TomcatWebServer  : Tomcat started on port(s): 9090 (http) with context path ''
2022-09-19 17:17:13.033  INFO 5053 --- [restartedMain] c.e.b.BookStoreOrdersApplication         : Started BookStoreOrdersApplication in 4.551 seconds (JVM running for 5.085)
2022-09-19 17:17:13.037  INFO 5053 --- [restartedMain] c.e.b.BookStoreOrdersApplication         : 
Hello! Welcome to Book Store Project!
2022-09-19 17:17:21.226  INFO 5053 --- [http-nio-9090-exec-2] o.a.c.c.C.[Tomcat].[localhost].[/]       : Initializing Spring DispatcherServlet 'dispatcherServlet'
2022-09-19 17:17:21.227  INFO 5053 --- [http-nio-9090-exec-2] o.s.web.servlet.DispatcherServlet        : Initializing Servlet 'dispatcherServlet'
2022-09-19 17:17:21.228  INFO 5053 --- [http-nio-9090-exec-2] o.s.web.servlet.DispatcherServlet        : Completed initialization in 1 ms
2022-09-19 17:17:21.399  WARN 5053 --- [http-nio-9090-exec-2] .w.s.m.s.DefaultHandlerExceptionResolver : Resolved [org.springframework.web.HttpMediaTypeNotAcceptableException: Could not find acceptable representation]
2022-09-19 17:18:30.215  WARN 5053 --- [http-nio-9090-exec-5] .w.s.m.s.DefaultHandlerExceptionResolver : Resolved [org.springframework.web.HttpMediaTypeNotAcceptableException: Could not find acceptable representation]
2022-09-19 17:20:57.914  INFO 5053 --- [File Watcher] rtingClassPathChangeChangedEventListener : Restarting due to 2 class path changes (0 additions, 2 deletions, 0 modifications)
2022-09-19 17:20:57.920  INFO 5053 --- [Thread-5] o.apache.catalina.core.StandardService   : Stopping service [Tomcat]
2022-09-19 17:20:57.921  INFO 5053 --- [Thread-5] o.a.c.c.C.[Tomcat].[localhost].[/]       : Destroying Spring FrameworkServlet 'dispatcherServlet'
2022-09-19 17:20:57.928  INFO 5053 --- [Thread-5] j.LocalContainerEntityManagerFactoryBean : Closing JPA EntityManagerFactory for persistence unit 'default'
2022-09-19 17:20:57.931  INFO 5053 --- [Thread-5] com.zaxxer.hikari.HikariDataSource       : HikariPool-1 - Shutdown initiated...
2022-09-19 17:20:57.940  INFO 5053 --- [Thread-5] com.zaxxer.hikari.HikariDataSource       : HikariPool-1 - Shutdown completed.
2022-09-19 17:20:58.057  INFO 5053 --- [restartedMain] c.e.b.BookStoreOrdersApplication         : Starting BookStoreOrdersApplication using Java 17.0.4 on hp-HP-ProBook-440-G5 with PID 5053 (/home/hp/IdeaProjects/BookStore_Orders/target/classes started by hp in /home/hp/IdeaProjects/BookStore_Orders)
2022-09-19 17:20:58.057  INFO 5053 --- [restartedMain] c.e.b.BookStoreOrdersApplication         : The following 1 profile is active: "dev"
2022-09-19 17:20:58.360  INFO 5053 --- [restartedMain] .s.d.r.c.RepositoryConfigurationDelegate : Bootstrapping Spring Data JPA repositories in DEFAULT mode.
2022-09-19 17:20:58.374  INFO 5053 --- [restartedMain] .s.d.r.c.RepositoryConfigurationDelegate : Finished Spring Data repository scanning in 13 ms. Found 1 JPA repository interfaces.
2022-09-19 17:20:58.581  INFO 5053 --- [restartedMain] o.s.b.w.embedded.tomcat.TomcatWebServer  : Tomcat initialized with port(s): 9090 (http)
2022-09-19 17:20:58.582  INFO 5053 --- [restartedMain] o.apache.catalina.core.StandardService   : Starting service [Tomcat]
2022-09-19 17:20:58.583  INFO 5053 --- [restartedMain] org.apache.catalina.core.StandardEngine  : Starting Servlet engine: [Apache Tomcat/9.0.65]
2022-09-19 17:20:58.602  INFO 5053 --- [restartedMain] o.a.c.c.C.[Tomcat].[localhost].[/]       : Initializing Spring embedded WebApplicationContext
2022-09-19 17:20:58.603  INFO 5053 --- [restartedMain] w.s.c.ServletWebServerApplicationContext : Root WebApplicationContext: initialization completed in 541 ms
2022-09-19 17:20:58.689  INFO 5053 --- [restartedMain] o.hibernate.jpa.internal.util.LogHelper  : HHH000204: Processing PersistenceUnitInfo [name: default]
2022-09-19 17:20:58.696  INFO 5053 --- [restartedMain] com.zaxxer.hikari.HikariDataSource       : HikariPool-2 - Starting...
2022-09-19 17:20:58.732  INFO 5053 --- [restartedMain] com.zaxxer.hikari.HikariDataSource       : HikariPool-2 - Start completed.
2022-09-19 17:20:58.732  INFO 5053 --- [restartedMain] org.hibernate.dialect.Dialect            : HHH000400: Using dialect: org.hibernate.dialect.MySQL8Dialect
2022-09-19 17:20:58.816  INFO 5053 --- [restartedMain] o.h.e.t.j.p.i.JtaPlatformInitiator       : HHH000490: Using JtaPlatform implementation: [org.hibernate.engine.transaction.jta.platform.internal.NoJtaPlatform]
2022-09-19 17:20:58.817  INFO 5053 --- [restartedMain] j.LocalContainerEntityManagerFactoryBean : Initialized JPA EntityManagerFactory for persistence unit 'default'
2022-09-19 17:20:58.828  WARN 5053 --- [restartedMain] ConfigServletWebServerApplicationContext : Exception encountered during context initialization - cancelling refresh attempt: org.springframework.beans.factory.UnsatisfiedDependencyException: Error creating bean with name 'bookOrdersController': Unsatisfied dependency expressed through field 'bookOrderService'; nested exception is org.springframework.beans.factory.NoSuchBeanDefinitionException: No qualifying bean of type 'com.example.bookstore_orders.service.IBookOrderService' available: expected at least 1 bean which qualifies as autowire candidate. Dependency annotations: {@org.springframework.beans.factory.annotation.Autowired(required=true)}
2022-09-19 17:20:58.829  INFO 5053 --- [restartedMain] j.LocalContainerEntityManagerFactoryBean : Closing JPA EntityManagerFactory for persistence unit 'default'
2022-09-19 17:20:58.829  INFO 5053 --- [restartedMain] com.zaxxer.hikari.HikariDataSource       : HikariPool-2 - Shutdown initiated...
2022-09-19 17:20:58.831  INFO 5053 --- [restartedMain] com.zaxxer.hikari.HikariDataSource       : HikariPool-2 - Shutdown completed.
2022-09-19 17:20:58.833  INFO 5053 --- [restartedMain] o.apache.catalina.core.StandardService   : Stopping service [Tomcat]
2022-09-19 17:20:58.846  INFO 5053 --- [restartedMain] ConditionEvaluationReportLoggingListener : 

Error starting ApplicationContext. To display the conditions report re-run your application with 'debug' enabled.
2022-09-19 17:20:58.880 ERROR 5053 --- [restartedMain] o.s.b.d.LoggingFailureAnalysisReporter   : 

***************************
APPLICATION FAILED TO START
***************************

Description:

Field bookOrderService in com.example.bookstore_orders.controller.BookOrdersController required a bean of type 'com.example.bookstore_orders.service.IBookOrderService' that could not be found.

The injection point has the following annotations:
	- @org.springframework.beans.factory.annotation.Autowired(required=true)


Action:

Consider defining a bean of type 'com.example.bookstore_orders.service.IBookOrderService' in your configuration.

2022-09-19 17:21:00.317  INFO 5053 --- [restartedMain] c.e.b.BookStoreOrdersApplication         : Starting BookStoreOrdersApplication using Java 17.0.4 on hp-HP-ProBook-440-G5 with PID 5053 (/home/hp/IdeaProjects/BookStore_Orders/target/classes started by hp in /home/hp/IdeaProjects/BookStore_Orders)
2022-09-19 17:21:00.318  INFO 5053 --- [restartedMain] c.e.b.BookStoreOrdersApplication         : The following 1 profile is active: "dev"
2022-09-19 17:21:00.525  INFO 5053 --- [restartedMain] .s.d.r.c.RepositoryConfigurationDelegate : Bootstrapping Spring Data JPA repositories in DEFAULT mode.
2022-09-19 17:21:00.535  INFO 5053 --- [restartedMain] .s.d.r.c.RepositoryConfigurationDelegate : Finished Spring Data repository scanning in 8 ms. Found 1 JPA repository interfaces.
2022-09-19 17:21:00.659  INFO 5053 --- [restartedMain] o.s.b.w.embedded.tomcat.TomcatWebServer  : Tomcat initialized with port(s): 9090 (http)
2022-09-19 17:21:00.661  INFO 5053 --- [restartedMain] o.apache.catalina.core.StandardService   : Starting service [Tomcat]
2022-09-19 17:21:00.662  INFO 5053 --- [restartedMain] org.apache.catalina.core.StandardEngine  : Starting Servlet engine: [Apache Tomcat/9.0.65]
2022-09-19 17:21:00.673  INFO 5053 --- [restartedMain] o.a.c.c.C.[Tomcat-1].[localhost].[/]     : Initializing Spring embedded WebApplicationContext
2022-09-19 17:21:00.674  INFO 5053 --- [restartedMain] w.s.c.ServletWebServerApplicationContext : Root WebApplicationContext: initialization completed in 353 ms
2022-09-19 17:21:00.716  INFO 5053 --- [restartedMain] o.hibernate.jpa.internal.util.LogHelper  : HHH000204: Processing PersistenceUnitInfo [name: default]
2022-09-19 17:21:00.722  INFO 5053 --- [restartedMain] com.zaxxer.hikari.HikariDataSource       : HikariPool-3 - Starting...
2022-09-19 17:21:00.749  INFO 5053 --- [restartedMain] com.zaxxer.hikari.HikariDataSource       : HikariPool-3 - Start completed.
2022-09-19 17:21:00.749  INFO 5053 --- [restartedMain] org.hibernate.dialect.Dialect            : HHH000400: Using dialect: org.hibernate.dialect.MySQL8Dialect
2022-09-19 17:21:00.811  INFO 5053 --- [restartedMain] o.h.e.t.j.p.i.JtaPlatformInitiator       : HHH000490: Using JtaPlatform implementation: [org.hibernate.engine.transaction.jta.platform.internal.NoJtaPlatform]
2022-09-19 17:21:00.811  INFO 5053 --- [restartedMain] j.LocalContainerEntityManagerFactoryBean : Initialized JPA EntityManagerFactory for persistence unit 'default'
2022-09-19 17:21:00.906  WARN 5053 --- [restartedMain] JpaBaseConfiguration$JpaWebConfiguration : spring.jpa.open-in-view is enabled by default. Therefore, database queries may be performed during view rendering. Explicitly configure spring.jpa.open-in-view to disable this warning
2022-09-19 17:21:00.977  WARN 5053 --- [restartedMain] ion$DefaultTemplateResolverConfiguration : Cannot find template location: classpath:/templates/ (please add some templates or check your Thymeleaf configuration)
2022-09-19 17:21:01.009  INFO 5053 --- [restartedMain] o.s.b.d.a.OptionalLiveReloadServer       : LiveReload server is running on port 35729
2022-09-19 17:21:01.017  INFO 5053 --- [restartedMain] o.s.b.w.embedded.tomcat.TomcatWebServer  : Tomcat started on port(s): 9090 (http) with context path ''
2022-09-19 17:21:01.024  INFO 5053 --- [restartedMain] c.e.b.BookStoreOrdersApplication         : Started BookStoreOrdersApplication in 0.735 seconds (JVM running for 233.076)
2022-09-19 17:21:01.027  INFO 5053 --- [restartedMain] .ConditionEvaluationDeltaLoggingListener : Condition evaluation unchanged
2022-09-19 17:21:01.028  INFO 5053 --- [restartedMain] c.e.b.BookStoreOrdersApplication         : 
Hello! Welcome to Book Store Project!
2022-09-19 17:26:43.219  INFO 5053 --- [SpringApplicationShutdownHook] j.LocalContainerEntityManagerFactoryBean : Closing JPA EntityManagerFactory for persistence unit 'default'
2022-09-19 17:26:43.219  INFO 5053 --- [SpringApplicationShutdownHook] com.zaxxer.hikari.HikariDataSource       : HikariPool-3 - Shutdown initiated...
2022-09-19 17:26:43.226  INFO 5053 --- [SpringApplicationShutdownHook] com.zaxxer.hikari.HikariDataSource       : HikariPool-3 - Shutdown completed.
2022-09-19 17:26:47.625  INFO 5664 --- [restartedMain] c.e.b.BookStoreOrdersApplication         : Starting BookStoreOrdersApplication using Java 17.0.4 on hp-HP-ProBook-440-G5 with PID 5664 (/home/hp/IdeaProjects/BookStore_Orders/target/classes started by hp in /home/hp/IdeaProjects/BookStore_Orders)
2022-09-19 17:26:47.628  INFO 5664 --- [restartedMain] c.e.b.BookStoreOrdersApplication         : The following 1 profile is active: "dev"
2022-09-19 17:26:47.692  INFO 5664 --- [restartedMain] .e.DevToolsPropertyDefaultsPostProcessor : Devtools property defaults active! Set 'spring.devtools.add-properties' to 'false' to disable
2022-09-19 17:26:47.692  INFO 5664 --- [restartedMain] .e.DevToolsPropertyDefaultsPostProcessor : For additional web related logging consider setting the 'logging.level.web' property to 'DEBUG'
2022-09-19 17:26:48.528  INFO 5664 --- [restartedMain] .s.d.r.c.RepositoryConfigurationDelegate : Bootstrapping Spring Data JPA repositories in DEFAULT mode.
2022-09-19 17:26:48.578  INFO 5664 --- [restartedMain] .s.d.r.c.RepositoryConfigurationDelegate : Finished Spring Data repository scanning in 40 ms. Found 1 JPA repository interfaces.
2022-09-19 17:26:49.271  INFO 5664 --- [restartedMain] o.s.b.w.embedded.tomcat.TomcatWebServer  : Tomcat initialized with port(s): 9090 (http)
2022-09-19 17:26:49.280  INFO 5664 --- [restartedMain] o.apache.catalina.core.StandardService   : Starting service [Tomcat]
2022-09-19 17:26:49.281  INFO 5664 --- [restartedMain] org.apache.catalina.core.StandardEngine  : Starting Servlet engine: [Apache Tomcat/9.0.65]
2022-09-19 17:26:49.339  INFO 5664 --- [restartedMain] o.a.c.c.C.[Tomcat].[localhost].[/]       : Initializing Spring embedded WebApplicationContext
2022-09-19 17:26:49.340  INFO 5664 --- [restartedMain] w.s.c.ServletWebServerApplicationContext : Root WebApplicationContext: initialization completed in 1646 ms
2022-09-19 17:26:49.527  INFO 5664 --- [restartedMain] o.hibernate.jpa.internal.util.LogHelper  : HHH000204: Processing PersistenceUnitInfo [name: default]
2022-09-19 17:26:49.580  INFO 5664 --- [restartedMain] org.hibernate.Version                    : HHH000412: Hibernate ORM core version 5.6.10.Final
2022-09-19 17:26:49.715  INFO 5664 --- [restartedMain] o.hibernate.annotations.common.Version   : HCANN000001: Hibernate Commons Annotations {5.1.2.Final}
2022-09-19 17:26:49.804  INFO 5664 --- [restartedMain] com.zaxxer.hikari.HikariDataSource       : HikariPool-1 - Starting...
2022-09-19 17:26:50.079  INFO 5664 --- [restartedMain] com.zaxxer.hikari.HikariDataSource       : HikariPool-1 - Start completed.
2022-09-19 17:26:50.100  INFO 5664 --- [restartedMain] org.hibernate.dialect.Dialect            : HHH000400: Using dialect: org.hibernate.dialect.MySQL8Dialect
2022-09-19 17:26:50.691  INFO 5664 --- [restartedMain] o.h.e.t.j.p.i.JtaPlatformInitiator       : HHH000490: Using JtaPlatform implementation: [org.hibernate.engine.transaction.jta.platform.internal.NoJtaPlatform]
2022-09-19 17:26:50.697  INFO 5664 --- [restartedMain] j.LocalContainerEntityManagerFactoryBean : Initialized JPA EntityManagerFactory for persistence unit 'default'
2022-09-19 17:26:51.075  WARN 5664 --- [restartedMain] JpaBaseConfiguration$JpaWebConfiguration : spring.jpa.open-in-view is enabled by default. Therefore, database queries may be performed during view rendering. Explicitly configure spring.jpa.open-in-view to disable this warning
2022-09-19 17:26:51.352  WARN 5664 --- [restartedMain] ion$DefaultTemplateResolverConfiguration : Cannot find template location: classpath:/templates/ (please add some templates or check your Thymeleaf configuration)
2022-09-19 17:26:51.448  INFO 5664 --- [restartedMain] o.s.b.d.a.OptionalLiveReloadServer       : LiveReload server is running on port 35729
2022-09-19 17:26:51.484  INFO 5664 --- [restartedMain] o.s.b.w.embedded.tomcat.TomcatWebServer  : Tomcat started on port(s): 9090 (http) with context path ''
2022-09-19 17:26:51.497  INFO 5664 --- [restartedMain] c.e.b.BookStoreOrdersApplication         : Started BookStoreOrdersApplication in 4.359 seconds (JVM running for 4.877)
2022-09-19 17:26:51.502  INFO 5664 --- [restartedMain] c.e.b.BookStoreOrdersApplication         : 
Hello! Welcome to Book Store Project!
2022-09-19 17:27:39.079  INFO 5664 --- [http-nio-9090-exec-2] o.a.c.c.C.[Tomcat].[localhost].[/]       : Initializing Spring DispatcherServlet 'dispatcherServlet'
2022-09-19 17:27:39.079  INFO 5664 --- [http-nio-9090-exec-2] o.s.web.servlet.DispatcherServlet        : Initializing Servlet 'dispatcherServlet'
2022-09-19 17:27:39.080  INFO 5664 --- [http-nio-9090-exec-2] o.s.web.servlet.DispatcherServlet        : Completed initialization in 1 ms
2022-09-19 17:27:39.275  WARN 5664 --- [http-nio-9090-exec-2] .w.s.m.s.DefaultHandlerExceptionResolver : Resolved [org.springframework.web.HttpMediaTypeNotAcceptableException: Could not find acceptable representation]
2022-09-19 17:27:50.837  WARN 5664 --- [http-nio-9090-exec-3] .w.s.m.s.DefaultHandlerExceptionResolver : Resolved [org.springframework.web.HttpMediaTypeNotAcceptableException: Could not find acceptable representation]
2022-09-19 17:28:11.453  INFO 5664 --- [SpringApplicationShutdownHook] j.LocalContainerEntityManagerFactoryBean : Closing JPA EntityManagerFactory for persistence unit 'default'
2022-09-19 17:28:11.457  INFO 5664 --- [SpringApplicationShutdownHook] com.zaxxer.hikari.HikariDataSource       : HikariPool-1 - Shutdown initiated...
2022-09-19 17:28:11.469  INFO 5664 --- [SpringApplicationShutdownHook] com.zaxxer.hikari.HikariDataSource       : HikariPool-1 - Shutdown completed.
2022-09-19 17:28:15.305  INFO 5804 --- [restartedMain] c.e.b.BookStoreOrdersApplication         : Starting BookStoreOrdersApplication using Java 17.0.4 on hp-HP-ProBook-440-G5 with PID 5804 (/home/hp/IdeaProjects/BookStore_Orders/target/classes started by hp in /home/hp/IdeaProjects/BookStore_Orders)
2022-09-19 17:28:15.307  INFO 5804 --- [restartedMain] c.e.b.BookStoreOrdersApplication         : The following 1 profile is active: "dev"
2022-09-19 17:28:15.377  INFO 5804 --- [restartedMain] .e.DevToolsPropertyDefaultsPostProcessor : Devtools property defaults active! Set 'spring.devtools.add-properties' to 'false' to disable
2022-09-19 17:28:15.378  INFO 5804 --- [restartedMain] .e.DevToolsPropertyDefaultsPostProcessor : For additional web related logging consider setting the 'logging.level.web' property to 'DEBUG'
2022-09-19 17:28:16.181  INFO 5804 --- [restartedMain] .s.d.r.c.RepositoryConfigurationDelegate : Bootstrapping Spring Data JPA repositories in DEFAULT mode.
2022-09-19 17:28:16.228  INFO 5804 --- [restartedMain] .s.d.r.c.RepositoryConfigurationDelegate : Finished Spring Data repository scanning in 38 ms. Found 1 JPA repository interfaces.
2022-09-19 17:28:16.996  INFO 5804 --- [restartedMain] o.s.b.w.embedded.tomcat.TomcatWebServer  : Tomcat initialized with port(s): 9090 (http)
2022-09-19 17:28:17.009  INFO 5804 --- [restartedMain] o.apache.catalina.core.StandardService   : Starting service [Tomcat]
2022-09-19 17:28:17.010  INFO 5804 --- [restartedMain] org.apache.catalina.core.StandardEngine  : Starting Servlet engine: [Apache Tomcat/9.0.65]
2022-09-19 17:28:17.068  INFO 5804 --- [restartedMain] o.a.c.c.C.[Tomcat].[localhost].[/]       : Initializing Spring embedded WebApplicationContext
2022-09-19 17:28:17.068  INFO 5804 --- [restartedMain] w.s.c.ServletWebServerApplicationContext : Root WebApplicationContext: initialization completed in 1689 ms
2022-09-19 17:28:17.235  INFO 5804 --- [restartedMain] o.hibernate.jpa.internal.util.LogHelper  : HHH000204: Processing PersistenceUnitInfo [name: default]
2022-09-19 17:28:17.282  INFO 5804 --- [restartedMain] org.hibernate.Version                    : HHH000412: Hibernate ORM core version 5.6.10.Final
2022-09-19 17:28:17.423  INFO 5804 --- [restartedMain] o.hibernate.annotations.common.Version   : HCANN000001: Hibernate Commons Annotations {5.1.2.Final}
2022-09-19 17:28:17.517  INFO 5804 --- [restartedMain] com.zaxxer.hikari.HikariDataSource       : HikariPool-1 - Starting...
2022-09-19 17:28:17.832  INFO 5804 --- [restartedMain] com.zaxxer.hikari.HikariDataSource       : HikariPool-1 - Start completed.
2022-09-19 17:28:17.854  INFO 5804 --- [restartedMain] org.hibernate.dialect.Dialect            : HHH000400: Using dialect: org.hibernate.dialect.MySQL8Dialect
2022-09-19 17:28:18.457  INFO 5804 --- [restartedMain] o.h.e.t.j.p.i.JtaPlatformInitiator       : HHH000490: Using JtaPlatform implementation: [org.hibernate.engine.transaction.jta.platform.internal.NoJtaPlatform]
2022-09-19 17:28:18.467  INFO 5804 --- [restartedMain] j.LocalContainerEntityManagerFactoryBean : Initialized JPA EntityManagerFactory for persistence unit 'default'
2022-09-19 17:28:18.828  WARN 5804 --- [restartedMain] JpaBaseConfiguration$JpaWebConfiguration : spring.jpa.open-in-view is enabled by default. Therefore, database queries may be performed during view rendering. Explicitly configure spring.jpa.open-in-view to disable this warning
2022-09-19 17:28:19.127  WARN 5804 --- [restartedMain] ion$DefaultTemplateResolverConfiguration : Cannot find template location: classpath:/templates/ (please add some templates or check your Thymeleaf configuration)
2022-09-19 17:28:19.221  INFO 5804 --- [restartedMain] o.s.b.d.a.OptionalLiveReloadServer       : LiveReload server is running on port 35729
2022-09-19 17:28:19.254  INFO 5804 --- [restartedMain] o.s.b.w.embedded.tomcat.TomcatWebServer  : Tomcat started on port(s): 9090 (http) with context path ''
2022-09-19 17:28:19.271  INFO 5804 --- [restartedMain] c.e.b.BookStoreOrdersApplication         : Started BookStoreOrdersApplication in 4.533 seconds (JVM running for 5.128)
2022-09-19 17:28:19.278  INFO 5804 --- [restartedMain] c.e.b.BookStoreOrdersApplication         : 
Hello! Welcome to Book Store Project!
2022-09-19 17:29:03.268  INFO 5804 --- [SpringApplicationShutdownHook] j.LocalContainerEntityManagerFactoryBean : Closing JPA EntityManagerFactory for persistence unit 'default'
2022-09-19 17:29:03.273  INFO 5804 --- [SpringApplicationShutdownHook] com.zaxxer.hikari.HikariDataSource       : HikariPool-1 - Shutdown initiated...
2022-09-19 17:29:03.286  INFO 5804 --- [SpringApplicationShutdownHook] com.zaxxer.hikari.HikariDataSource       : HikariPool-1 - Shutdown completed.
2022-09-19 17:29:07.246  INFO 5922 --- [restartedMain] c.e.b.BookStoreOrdersApplication         : Starting BookStoreOrdersApplication using Java 17.0.4 on hp-HP-ProBook-440-G5 with PID 5922 (/home/hp/IdeaProjects/BookStore_Orders/target/classes started by hp in /home/hp/IdeaProjects/BookStore_Orders)
2022-09-19 17:29:07.249  INFO 5922 --- [restartedMain] c.e.b.BookStoreOrdersApplication         : The following 1 profile is active: "dev"
2022-09-19 17:29:07.324  INFO 5922 --- [restartedMain] .e.DevToolsPropertyDefaultsPostProcessor : Devtools property defaults active! Set 'spring.devtools.add-properties' to 'false' to disable
2022-09-19 17:29:07.324  INFO 5922 --- [restartedMain] .e.DevToolsPropertyDefaultsPostProcessor : For additional web related logging consider setting the 'logging.level.web' property to 'DEBUG'
2022-09-19 17:29:08.077  INFO 5922 --- [restartedMain] .s.d.r.c.RepositoryConfigurationDelegate : Bootstrapping Spring Data JPA repositories in DEFAULT mode.
2022-09-19 17:29:08.119  INFO 5922 --- [restartedMain] .s.d.r.c.RepositoryConfigurationDelegate : Finished Spring Data repository scanning in 34 ms. Found 1 JPA repository interfaces.
2022-09-19 17:29:08.756  INFO 5922 --- [restartedMain] o.s.b.w.embedded.tomcat.TomcatWebServer  : Tomcat initialized with port(s): 9090 (http)
2022-09-19 17:29:08.765  INFO 5922 --- [restartedMain] o.apache.catalina.core.StandardService   : Starting service [Tomcat]
2022-09-19 17:29:08.765  INFO 5922 --- [restartedMain] org.apache.catalina.core.StandardEngine  : Starting Servlet engine: [Apache Tomcat/9.0.65]
2022-09-19 17:29:08.817  INFO 5922 --- [restartedMain] o.a.c.c.C.[Tomcat].[localhost].[/]       : Initializing Spring embedded WebApplicationContext
2022-09-19 17:29:08.818  INFO 5922 --- [restartedMain] w.s.c.ServletWebServerApplicationContext : Root WebApplicationContext: initialization completed in 1492 ms
2022-09-19 17:29:08.975  INFO 5922 --- [restartedMain] o.hibernate.jpa.internal.util.LogHelper  : HHH000204: Processing PersistenceUnitInfo [name: default]
2022-09-19 17:29:09.021  INFO 5922 --- [restartedMain] org.hibernate.Version                    : HHH000412: Hibernate ORM core version 5.6.10.Final
2022-09-19 17:29:09.155  INFO 5922 --- [restartedMain] o.hibernate.annotations.common.Version   : HCANN000001: Hibernate Commons Annotations {5.1.2.Final}
2022-09-19 17:29:09.238  INFO 5922 --- [restartedMain] com.zaxxer.hikari.HikariDataSource       : HikariPool-1 - Starting...
2022-09-19 17:29:09.539  INFO 5922 --- [restartedMain] com.zaxxer.hikari.HikariDataSource       : HikariPool-1 - Start completed.
2022-09-19 17:29:09.560  INFO 5922 --- [restartedMain] org.hibernate.dialect.Dialect            : HHH000400: Using dialect: org.hibernate.dialect.MySQL8Dialect
2022-09-19 17:29:10.114  INFO 5922 --- [restartedMain] o.h.e.t.j.p.i.JtaPlatformInitiator       : HHH000490: Using JtaPlatform implementation: [org.hibernate.engine.transaction.jta.platform.internal.NoJtaPlatform]
2022-09-19 17:29:10.123  INFO 5922 --- [restartedMain] j.LocalContainerEntityManagerFactoryBean : Initialized JPA EntityManagerFactory for persistence unit 'default'
2022-09-19 17:29:10.464  WARN 5922 --- [restartedMain] JpaBaseConfiguration$JpaWebConfiguration : spring.jpa.open-in-view is enabled by default. Therefore, database queries may be performed during view rendering. Explicitly configure spring.jpa.open-in-view to disable this warning
2022-09-19 17:29:10.830  WARN 5922 --- [restartedMain] ion$DefaultTemplateResolverConfiguration : Cannot find template location: classpath:/templates/ (please add some templates or check your Thymeleaf configuration)
2022-09-19 17:29:10.920  INFO 5922 --- [restartedMain] o.s.b.d.a.OptionalLiveReloadServer       : LiveReload server is running on port 35729
2022-09-19 17:29:10.959  INFO 5922 --- [restartedMain] o.s.b.w.embedded.tomcat.TomcatWebServer  : Tomcat started on port(s): 9090 (http) with context path ''
2022-09-19 17:29:10.975  INFO 5922 --- [restartedMain] c.e.b.BookStoreOrdersApplication         : Started BookStoreOrdersApplication in 4.207 seconds (JVM running for 4.77)
2022-09-19 17:29:10.980  INFO 5922 --- [restartedMain] c.e.b.BookStoreOrdersApplication         : 
Hello! Welcome to Book Store Project!
2022-09-19 17:29:42.676  INFO 5922 --- [http-nio-9090-exec-2] o.a.c.c.C.[Tomcat].[localhost].[/]       : Initializing Spring DispatcherServlet 'dispatcherServlet'
2022-09-19 17:29:42.677  INFO 5922 --- [http-nio-9090-exec-2] o.s.web.servlet.DispatcherServlet        : Initializing Servlet 'dispatcherServlet'
2022-09-19 17:29:42.678  INFO 5922 --- [http-nio-9090-exec-2] o.s.web.servlet.DispatcherServlet        : Completed initialization in 1 ms
2022-09-19 17:29:48.981  WARN 5922 --- [http-nio-9090-exec-3] .w.s.m.s.DefaultHandlerExceptionResolver : Resolved [org.springframework.web.HttpMediaTypeNotAcceptableException: Could not find acceptable representation]
2022-09-19 17:31:36.444  INFO 5922 --- [SpringApplicationShutdownHook] j.LocalContainerEntityManagerFactoryBean : Closing JPA EntityManagerFactory for persistence unit 'default'
2022-09-19 17:31:36.449  INFO 5922 --- [SpringApplicationShutdownHook] com.zaxxer.hikari.HikariDataSource       : HikariPool-1 - Shutdown initiated...
2022-09-19 17:31:36.461  INFO 5922 --- [SpringApplicationShutdownHook] com.zaxxer.hikari.HikariDataSource       : HikariPool-1 - Shutdown completed.
2022-09-19 17:31:39.523  INFO 6331 --- [restartedMain] c.e.b.BookStoreOrdersApplication         : Starting BookStoreOrdersApplication using Java 17.0.4 on hp-HP-ProBook-440-G5 with PID 6331 (/home/hp/IdeaProjects/BookStore_Orders/target/classes started by hp in /home/hp/IdeaProjects/BookStore_Orders)
2022-09-19 17:31:39.526  INFO 6331 --- [restartedMain] c.e.b.BookStoreOrdersApplication         : The following 1 profile is active: "dev"
2022-09-19 17:31:39.604  INFO 6331 --- [restartedMain] .e.DevToolsPropertyDefaultsPostProcessor : Devtools property defaults active! Set 'spring.devtools.add-properties' to 'false' to disable
2022-09-19 17:31:39.605  INFO 6331 --- [restartedMain] .e.DevToolsPropertyDefaultsPostProcessor : For additional web related logging consider setting the 'logging.level.web' property to 'DEBUG'
2022-09-19 17:31:40.761  INFO 6331 --- [restartedMain] .s.d.r.c.RepositoryConfigurationDelegate : Bootstrapping Spring Data JPA repositories in DEFAULT mode.
2022-09-19 17:31:40.834  INFO 6331 --- [restartedMain] .s.d.r.c.RepositoryConfigurationDelegate : Finished Spring Data repository scanning in 60 ms. Found 1 JPA repository interfaces.
2022-09-19 17:31:41.690  INFO 6331 --- [restartedMain] o.s.b.w.embedded.tomcat.TomcatWebServer  : Tomcat initialized with port(s): 9093 (http)
2022-09-19 17:31:41.703  INFO 6331 --- [restartedMain] o.apache.catalina.core.StandardService   : Starting service [Tomcat]
2022-09-19 17:31:41.704  INFO 6331 --- [restartedMain] org.apache.catalina.core.StandardEngine  : Starting Servlet engine: [Apache Tomcat/9.0.65]
2022-09-19 17:31:41.794  INFO 6331 --- [restartedMain] o.a.c.c.C.[Tomcat].[localhost].[/]       : Initializing Spring embedded WebApplicationContext
2022-09-19 17:31:41.806  INFO 6331 --- [restartedMain] w.s.c.ServletWebServerApplicationContext : Root WebApplicationContext: initialization completed in 2199 ms
2022-09-19 17:31:42.066  INFO 6331 --- [restartedMain] o.hibernate.jpa.internal.util.LogHelper  : HHH000204: Processing PersistenceUnitInfo [name: default]
2022-09-19 17:31:42.115  INFO 6331 --- [restartedMain] org.hibernate.Version                    : HHH000412: Hibernate ORM core version 5.6.10.Final
2022-09-19 17:31:42.267  INFO 6331 --- [restartedMain] o.hibernate.annotations.common.Version   : HCANN000001: Hibernate Commons Annotations {5.1.2.Final}
2022-09-19 17:31:42.347  INFO 6331 --- [restartedMain] com.zaxxer.hikari.HikariDataSource       : HikariPool-1 - Starting...
2022-09-19 17:31:42.648  INFO 6331 --- [restartedMain] com.zaxxer.hikari.HikariDataSource       : HikariPool-1 - Start completed.
2022-09-19 17:31:42.669  INFO 6331 --- [restartedMain] org.hibernate.dialect.Dialect            : HHH000400: Using dialect: org.hibernate.dialect.MySQL8Dialect
2022-09-19 17:31:43.333  INFO 6331 --- [restartedMain] o.h.e.t.j.p.i.JtaPlatformInitiator       : HHH000490: Using JtaPlatform implementation: [org.hibernate.engine.transaction.jta.platform.internal.NoJtaPlatform]
2022-09-19 17:31:43.341  INFO 6331 --- [restartedMain] j.LocalContainerEntityManagerFactoryBean : Initialized JPA EntityManagerFactory for persistence unit 'default'
2022-09-19 17:31:43.704  WARN 6331 --- [restartedMain] JpaBaseConfiguration$JpaWebConfiguration : spring.jpa.open-in-view is enabled by default. Therefore, database queries may be performed during view rendering. Explicitly configure spring.jpa.open-in-view to disable this warning
2022-09-19 17:31:44.004  WARN 6331 --- [restartedMain] ion$DefaultTemplateResolverConfiguration : Cannot find template location: classpath:/templates/ (please add some templates or check your Thymeleaf configuration)
2022-09-19 17:31:44.095  INFO 6331 --- [restartedMain] o.s.b.d.a.OptionalLiveReloadServer       : LiveReload server is running on port 35729
2022-09-19 17:31:44.126  INFO 6331 --- [restartedMain] o.s.b.w.embedded.tomcat.TomcatWebServer  : Tomcat started on port(s): 9093 (http) with context path ''
2022-09-19 17:31:44.144  INFO 6331 --- [restartedMain] c.e.b.BookStoreOrdersApplication         : Started BookStoreOrdersApplication in 5.24 seconds (JVM running for 5.831)
2022-09-19 17:31:44.149  INFO 6331 --- [restartedMain] c.e.b.BookStoreOrdersApplication         : 
Hello! Welcome to Book Store Project!
2022-09-19 17:33:13.960  INFO 6331 --- [http-nio-9093-exec-2] o.a.c.c.C.[Tomcat].[localhost].[/]       : Initializing Spring DispatcherServlet 'dispatcherServlet'
2022-09-19 17:33:13.960  INFO 6331 --- [http-nio-9093-exec-2] o.s.web.servlet.DispatcherServlet        : Initializing Servlet 'dispatcherServlet'
2022-09-19 17:33:13.962  INFO 6331 --- [http-nio-9093-exec-2] o.s.web.servlet.DispatcherServlet        : Completed initialization in 1 ms
2022-09-19 17:33:14.131  WARN 6331 --- [http-nio-9093-exec-2] .w.s.m.s.DefaultHandlerExceptionResolver : Resolved [org.springframework.web.HttpMediaTypeNotAcceptableException: Could not find acceptable representation]
2022-09-19 17:33:40.113  INFO 6331 --- [SpringApplicationShutdownHook] j.LocalContainerEntityManagerFactoryBean : Closing JPA EntityManagerFactory for persistence unit 'default'
2022-09-19 17:33:40.116  INFO 6331 --- [SpringApplicationShutdownHook] com.zaxxer.hikari.HikariDataSource       : HikariPool-1 - Shutdown initiated...
2022-09-19 17:33:40.130  INFO 6331 --- [SpringApplicationShutdownHook] com.zaxxer.hikari.HikariDataSource       : HikariPool-1 - Shutdown completed.
2022-09-19 17:33:57.914  INFO 6528 --- [restartedMain] c.e.b.BookStoreOrdersApplication         : Starting BookStoreOrdersApplication using Java 17.0.4 on hp-HP-ProBook-440-G5 with PID 6528 (/home/hp/IdeaProjects/BookStore_Orders/target/classes started by hp in /home/hp/IdeaProjects/BookStore_Orders)
2022-09-19 17:33:57.916  INFO 6528 --- [restartedMain] c.e.b.BookStoreOrdersApplication         : The following 1 profile is active: "dev"
2022-09-19 17:33:57.994  INFO 6528 --- [restartedMain] .e.DevToolsPropertyDefaultsPostProcessor : Devtools property defaults active! Set 'spring.devtools.add-properties' to 'false' to disable
2022-09-19 17:33:57.995  INFO 6528 --- [restartedMain] .e.DevToolsPropertyDefaultsPostProcessor : For additional web related logging consider setting the 'logging.level.web' property to 'DEBUG'
2022-09-19 17:33:58.780  INFO 6528 --- [restartedMain] .s.d.r.c.RepositoryConfigurationDelegate : Bootstrapping Spring Data JPA repositories in DEFAULT mode.
2022-09-19 17:33:58.827  INFO 6528 --- [restartedMain] .s.d.r.c.RepositoryConfigurationDelegate : Finished Spring Data repository scanning in 39 ms. Found 1 JPA repository interfaces.
2022-09-19 17:33:59.587  INFO 6528 --- [restartedMain] o.s.b.w.embedded.tomcat.TomcatWebServer  : Tomcat initialized with port(s): 9093 (http)
2022-09-19 17:33:59.599  INFO 6528 --- [restartedMain] o.apache.catalina.core.StandardService   : Starting service [Tomcat]
2022-09-19 17:33:59.600  INFO 6528 --- [restartedMain] org.apache.catalina.core.StandardEngine  : Starting Servlet engine: [Apache Tomcat/9.0.65]
2022-09-19 17:33:59.667  INFO 6528 --- [restartedMain] o.a.c.c.C.[Tomcat].[localhost].[/]       : Initializing Spring embedded WebApplicationContext
2022-09-19 17:33:59.668  INFO 6528 --- [restartedMain] w.s.c.ServletWebServerApplicationContext : Root WebApplicationContext: initialization completed in 1670 ms
2022-09-19 17:33:59.852  INFO 6528 --- [restartedMain] o.hibernate.jpa.internal.util.LogHelper  : HHH000204: Processing PersistenceUnitInfo [name: default]
2022-09-19 17:33:59.909  INFO 6528 --- [restartedMain] org.hibernate.Version                    : HHH000412: Hibernate ORM core version 5.6.10.Final
2022-09-19 17:34:00.053  INFO 6528 --- [restartedMain] o.hibernate.annotations.common.Version   : HCANN000001: Hibernate Commons Annotations {5.1.2.Final}
2022-09-19 17:34:00.149  INFO 6528 --- [restartedMain] com.zaxxer.hikari.HikariDataSource       : HikariPool-1 - Starting...
2022-09-19 17:34:00.491  INFO 6528 --- [restartedMain] com.zaxxer.hikari.HikariDataSource       : HikariPool-1 - Start completed.
2022-09-19 17:34:00.515  INFO 6528 --- [restartedMain] org.hibernate.dialect.Dialect            : HHH000400: Using dialect: org.hibernate.dialect.MySQL8Dialect
2022-09-19 17:34:01.095  INFO 6528 --- [restartedMain] o.h.e.t.j.p.i.JtaPlatformInitiator       : HHH000490: Using JtaPlatform implementation: [org.hibernate.engine.transaction.jta.platform.internal.NoJtaPlatform]
2022-09-19 17:34:01.102  INFO 6528 --- [restartedMain] j.LocalContainerEntityManagerFactoryBean : Initialized JPA EntityManagerFactory for persistence unit 'default'
2022-09-19 17:34:01.450  WARN 6528 --- [restartedMain] JpaBaseConfiguration$JpaWebConfiguration : spring.jpa.open-in-view is enabled by default. Therefore, database queries may be performed during view rendering. Explicitly configure spring.jpa.open-in-view to disable this warning
2022-09-19 17:34:01.730  WARN 6528 --- [restartedMain] ion$DefaultTemplateResolverConfiguration : Cannot find template location: classpath:/templates/ (please add some templates or check your Thymeleaf configuration)
2022-09-19 17:34:01.821  INFO 6528 --- [restartedMain] o.s.b.d.a.OptionalLiveReloadServer       : LiveReload server is running on port 35729
2022-09-19 17:34:01.852  INFO 6528 --- [restartedMain] o.s.b.w.embedded.tomcat.TomcatWebServer  : Tomcat started on port(s): 9093 (http) with context path ''
2022-09-19 17:34:01.864  INFO 6528 --- [restartedMain] c.e.b.BookStoreOrdersApplication         : Started BookStoreOrdersApplication in 4.439 seconds (JVM running for 5.001)
2022-09-19 17:34:01.868  INFO 6528 --- [restartedMain] c.e.b.BookStoreOrdersApplication         : 
Hello! Welcome to Book Store Project!
2022-09-19 17:34:06.683  INFO 6528 --- [http-nio-9093-exec-2] o.a.c.c.C.[Tomcat].[localhost].[/]       : Initializing Spring DispatcherServlet 'dispatcherServlet'
2022-09-19 17:34:06.684  INFO 6528 --- [http-nio-9093-exec-2] o.s.web.servlet.DispatcherServlet        : Initializing Servlet 'dispatcherServlet'
2022-09-19 17:34:06.685  INFO 6528 --- [http-nio-9093-exec-2] o.s.web.servlet.DispatcherServlet        : Completed initialization in 1 ms
2022-09-19 17:34:06.876  WARN 6528 --- [http-nio-9093-exec-2] .w.s.m.s.DefaultHandlerExceptionResolver : Resolved [org.springframework.web.HttpMediaTypeNotAcceptableException: Could not find acceptable representation]
2022-09-19 17:35:12.438  WARN 6528 --- [http-nio-9093-exec-5] .w.s.m.s.DefaultHandlerExceptionResolver : Resolved [org.springframework.web.HttpMediaTypeNotAcceptableException: Could not find acceptable representation]
